<?xml version="1.0" encoding="UTF-8"?>
<!-- Generated by org.testng.reporters.JUnitXMLReporter -->
<testsuite ignored="0" hostname="shivam" failures="0" tests="6" name="myTest" time="9.318" errors="0" timestamp="2025-08-07T23:20:13 IST">
  <testcase classname="testNG.OrangeHRM" name="OpenApp" time="4.823"/>
  <testcase classname="testNG.OrangeHRM" name="testLogo" time="4.205"/>
  <testcase classname="testNG.OrangeHRM" name="closeApp" time="0.187"/>
  <testcase classname="testNG.firstTestCase" name="openApp" time="0.002"/>
  <testcase classname="testNG.firstTestCase" name="LoginApp" time="0.002"/>
  <testcase classname="testNG.firstTestCase" name="LogOut" time="0.001"/>
</testsuite> <!-- myTest -->
