<?xml version="1.0" encoding="UTF-8"?>
<!-- Generated by org.testng.reporters.JUnitXMLReporter -->
<testsuite ignored="2" hostname="shivam" failures="0" tests="2" name="Regression Tests" time="0.013" errors="0" timestamp="2025-08-10T02:29:41 IST">
  <testcase classname="testNG_Grouping.LoginTests" name="loginWithInvalidUser" time="0.002"/>
  <testcase classname="testNG_Grouping.PaymentTests" name="paymentWithUPI" time="0.001"/>
  <testcase classname="testNG_Grouping.LoginTests" name="loginWithValidUser" time="0.0">
    <ignored/>
  </testcase> <!-- loginWithValidUser -->
  <testcase classname="testNG_Grouping.PaymentTests" name="paymentWithCreditCard" time="0.0">
    <ignored/>
  </testcase> <!-- paymentWithCreditCard -->
</testsuite> <!-- Regression Tests -->
