<?xml version="1.0" encoding="UTF-8"?>
<!-- Generated by org.testng.reporters.JUnitReportReporter -->
<testsuite hostname="shivam" failures="0" tests="2" name="testNG_Grouping.PaymentTests" time="0.003" errors="0" timestamp="2025-08-10T02:29:41 IST" skipped="0">
  <testcase classname="testNG_Grouping.PaymentTests" name="paymentWithCreditCard" time="0.002"/>
  <testcase classname="testNG_Grouping.PaymentTests" name="paymentWithUPI" time="0.001"/>
</testsuite> <!-- testNG_Grouping.PaymentTests -->
