<?xml version="1.0" encoding="UTF-8"?>
<!-- Generated by org.testng.reporters.JUnitReportReporter -->
<testsuite hostname="shivam" failures="0" tests="3" name="testNG_Methods.DependsOnMethodsExample" time="0.704" errors="0" timestamp="2025-08-09T02:03:26 IST" skipped="0">
  <testcase classname="testNG_Methods.DependsOnMethodsExample" name="openBrowser" time="0.702"/>
  <testcase classname="testNG_Methods.DependsOnMethodsExample" name="verifyResults" time="0.001"/>
  <testcase classname="testNG_Methods.DependsOnMethodsExample" name="searchSomething" time="0.001"/>
</testsuite> <!-- testNG_Methods.DependsOnMethodsExample -->
