<?xml version="1.0" encoding="UTF-8"?>
<!-- Generated by org.testng.reporters.JUnitReportReporter -->
<testsuite hostname="shivam" failures="0" tests="3" name="testNG.firstTestCase" time="0.005" errors="0" timestamp="2025-08-07T23:20:13 IST" skipped="0">
  <testcase classname="testNG.firstTestCase" name="openApp" time="0.002"/>
  <testcase classname="testNG.firstTestCase" name="LoginApp" time="0.002"/>
  <testcase classname="testNG.firstTestCase" name="LogOut" time="0.001"/>
</testsuite> <!-- testNG.firstTestCase -->
