<?xml version="1.0" encoding="UTF-8"?>
<!-- Generated by org.testng.reporters.JUnitReportReporter -->
<testsuite hostname="shivam" failures="0" tests="3" name="testNG.OrangeHRM" time="9.215" errors="0" timestamp="2025-08-07T23:20:13 IST" skipped="0">
  <testcase classname="testNG.OrangeHRM" name="OpenApp" time="4.823"/>
  <testcase classname="testNG.OrangeHRM" name="testLogo" time="4.205"/>
  <testcase classname="testNG.OrangeHRM" name="closeApp" time="0.187"/>
</testsuite> <!-- testNG.OrangeHRM -->
